<?xml version="1.0" encoding="UTF-8"?>
<testsuite name="co.ceiba.parking.dominio.unitaria.IngresoTest" tests="7" skipped="0" failures="0" errors="0" timestamp="2018-02-22T21:12:19" hostname="ALEJANDRO-GOMEZ" time="0.032">
  <properties/>
  <testcase name="ingresarPlacaADiaLunes" classname="co.ceiba.parking.dominio.unitaria.IngresoTest" time="0.016"/>
  <testcase name="ingresarPlacaNoADiaDomingo" classname="co.ceiba.parking.dominio.unitaria.IngresoTest" time="0.0"/>
  <testcase name="noIngresarPlacaADiaDomingo" classname="co.ceiba.parking.dominio.unitaria.IngresoTest" time="0.0"/>
  <testcase name="noIngresarPlacaADiaSabado" classname="co.ceiba.parking.dominio.unitaria.IngresoTest" time="0.0"/>
  <testcase name="sinCupoCarro" classname="co.ceiba.parking.dominio.unitaria.IngresoTest" time="0.016"/>
  <testcase name="sinCupoMoto" classname="co.ceiba.parking.dominio.unitaria.IngresoTest" time="0.0"/>
  <testcase name="yaHabiaIngresado" classname="co.ceiba.parking.dominio.unitaria.IngresoTest" time="0.0"/>
  <system-out><![CDATA[]]></system-out>
  <system-err><![CDATA[]]></system-err>
</testsuite>
