<?xml version="1.0" encoding="UTF-8"?>
<testsuite name="co.ceiba.parking.ParkingApplicationTests" tests="1" skipped="0" failures="0" errors="0" timestamp="2018-02-22T21:12:26" hostname="ALEJANDRO-GOMEZ" time="0.016">
  <properties/>
  <testcase name="contextLoads" classname="co.ceiba.parking.ParkingApplicationTests" time="0.016"/>
  <system-out><![CDATA[16:12:19.758 [Test worker] DEBUG org.springframework.test.context.junit4.SpringJUnit4ClassRunner - SpringJUnit4ClassRunner constructor called with [class co.ceiba.parking.ParkingApplicationTests]
16:12:19.774 [Test worker] DEBUG org.springframework.test.context.BootstrapUtils - Instantiating CacheAwareContextLoaderDelegate from class [org.springframework.test.context.cache.DefaultCacheAwareContextLoaderDelegate]
16:12:19.805 [Test worker] DEBUG org.springframework.test.context.BootstrapUtils - Instantiating BootstrapContext using constructor [public org.springframework.test.context.support.DefaultBootstrapContext(java.lang.Class,org.springframework.test.context.CacheAwareContextLoaderDelegate)]
16:12:19.836 [Test worker] DEBUG org.springframework.test.context.BootstrapUtils - Instantiating TestContextBootstrapper for test class [co.ceiba.parking.ParkingApplicationTests] from class [org.springframework.boot.test.context.SpringBootTestContextBootstrapper]
16:12:19.868 [Test worker] INFO org.springframework.boot.test.context.SpringBootTestContextBootstrapper - Neither @ContextConfiguration nor @ContextHierarchy found for test class [co.ceiba.parking.ParkingApplicationTests], using SpringBootContextLoader
16:12:19.878 [Test worker] DEBUG org.springframework.test.context.support.AbstractContextLoader - Did not detect default resource location for test class [co.ceiba.parking.ParkingApplicationTests]: class path resource [co/ceiba/parking/ParkingApplicationTests-context.xml] does not exist
16:12:19.879 [Test worker] DEBUG org.springframework.test.context.support.AbstractContextLoader - Did not detect default resource location for test class [co.ceiba.parking.ParkingApplicationTests]: class path resource [co/ceiba/parking/ParkingApplicationTestsContext.groovy] does not exist
16:12:19.879 [Test worker] INFO org.springframework.test.context.support.AbstractContextLoader - Could not detect default resource locations for test class [co.ceiba.parking.ParkingApplicationTests]: no resource found for suffixes {-context.xml, Context.groovy}.
16:12:19.882 [Test worker] INFO org.springframework.test.context.support.AnnotationConfigContextLoaderUtils - Could not detect default configuration classes for test class [co.ceiba.parking.ParkingApplicationTests]: ParkingApplicationTests does not declare any static, non-private, non-final, nested classes annotated with @Configuration.
16:12:19.978 [Test worker] DEBUG org.springframework.test.context.support.ActiveProfilesUtils - Could not find an 'annotation declaring class' for annotation type [org.springframework.test.context.ActiveProfiles] and class [co.ceiba.parking.ParkingApplicationTests]
16:12:19.994 [Test worker] DEBUG org.springframework.core.env.StandardEnvironment - Adding PropertySource 'systemProperties' with lowest search precedence
16:12:19.994 [Test worker] DEBUG org.springframework.core.env.StandardEnvironment - Adding PropertySource 'systemEnvironment' with lowest search precedence
16:12:20.009 [Test worker] DEBUG org.springframework.core.env.StandardEnvironment - Initialized StandardEnvironment with PropertySources [MapPropertySource@1971449026 {name='systemProperties', properties={java.runtime.name=Java(TM) SE Runtime Environment, sun.boot.library.path=C:\Program Files\Java\jdk1.8.0_161\jre\bin, java.vm.version=25.161-b12, java.vm.vendor=Oracle Corporation, java.vendor.url=http://java.oracle.com/, path.separator=;, java.vm.name=Java HotSpot(TM) 64-Bit Server VM, file.encoding.pkg=sun.io, user.script=, sun.java.launcher=SUN_STANDARD, user.country=US, sun.os.patch.level=, java.vm.specification.name=Java Virtual Machine Specification, user.dir=D:\Proyectos\Curso\PruebaConcepto\parking, java.runtime.version=1.8.0_161-b12, java.awt.graphicsenv=sun.awt.Win32GraphicsEnvironment, java.endorsed.dirs=C:\Program Files\Java\jdk1.8.0_161\jre\lib\endorsed, os.arch=amd64, java.io.tmpdir=C:\Users\ALEJAN~1.GOM\AppData\Local\Temp\, line.separator=
, java.vm.specification.vendor=Oracle Corporation, user.variant=, os.name=Windows 10, sun.jnu.encoding=Cp1252, java.library.path=C:\Program Files\Java\jdk1.8.0_161\bin;C:\Windows\Sun\Java\bin;C:\Windows\system32;C:\Windows;C:/Program Files/Java/jre1.8.0_161/bin/server;C:/Program Files/Java/jre1.8.0_161/bin;C:/Program Files/Java/jre1.8.0_161/lib/amd64;C:\ProgramData\Oracle\Java\javapath;C:\Program Files (x86)\Intel\iCLS Client\;C:\Program Files\Intel\iCLS Client\;C:\Oracle\product\11.1.0\client_1\bin;C:\Program Files\CollabNet\Subversion Client;C:\Windows\system32;C:\Windows;C:\Windows\System32\Wbem;C:\Windows\System32\WindowsPowerShell\v1.0\;C:\Program Files (x86)\Intel\Intel(R) Management Engine Components\DAL;C:\Program Files\Intel\Intel(R) Management Engine Components\DAL;C:\Program Files (x86)\Intel\Intel(R) Management Engine Components\IPT;C:\Program Files\Intel\Intel(R) Management Engine Components\IPT;D:\ProgramFiles\nodejs\;C:\Program Files\PuTTY\;C:\Program Files\Git\cmd;C:\Program Files\TortoiseGit\bin;C:\Program Files\MySQL\MySQL Utilities 1.6\;C:\Users\alejandro.gomez\scoop\shims;C:\Users\alejandro.gomez\AppData\Local\Microsoft\WindowsApps;C:\Users\alejandro.gomez\AppData\Roaming\npm;C:\ProgramData\chocolatey\bin;;C:\Windows\System32;;., java.specification.name=Java Platform API Specification, java.class.version=52.0, sun.management.compiler=HotSpot 64-Bit Tiered Compilers, os.version=10.0, user.home=C:\Users\alejandro.gomez, user.timezone=America/Bogota, java.awt.printerjob=sun.awt.windows.WPrinterJob, file.encoding=windows-1252, java.specification.version=1.8, java.class.path=D:\Proyectos\Curso\PruebaConcepto\parking\build\classes\test;D:\Proyectos\Curso\PruebaConcepto\parking\build\resources\test;D:\Proyectos\Curso\PruebaConcepto\parking\build\classes\main;D:\Proyectos\Curso\PruebaConcepto\parking\build\resources\main;C:\Users\alejandro.gomez\.gradle\caches\modules-2\files-2.1\org.projectlombok\lombok\1.16.20\ac76d9b956045631d1561a09289cbf472e077c01\lombok-1.16.20.jar;C:\Users\alejandro.gomez\.gradle\caches\modules-2\files-2.1\org.springframework.boot\spring-boot-starter-data-jpa\1.5.10.RELEASE\ca30f9060231d3161d325580098d326754a2f4e1\spring-boot-starter-data-jpa-1.5.10.RELEASE.jar;C:\Users\alejandro.gomez\.gradle\caches\modules-2\files-2.1\org.springframework.boot\spring-boot-starter-jersey\1.5.10.RELEASE\cc83ee1dbe5f95fae7d34fe838bbef1a71355f58\spring-boot-starter-jersey-1.5.10.RELEASE.jar;C:\Users\alejandro.gomez\.gradle\caches\modules-2\files-2.1\org.springframework.boot\spring-boot-starter-web\1.5.10.RELEASE\8bc445f3ee81e5322e46b28cbb33bca1800b69d9\spring-boot-starter-web-1.5.10.RELEASE.jar;C:\Users\alejandro.gomez\.gradle\caches\modules-2\files-2.1\org.springframework.boot\spring-boot-starter-web-services\1.5.10.RELEASE\7de8d27b27ac00d7626d84faea891763cdb226d4\spring-boot-starter-web-services-1.5.10.RELEASE.jar;C:\Users\alejandro.gomez\.gradle\caches\modules-2\files-2.1\org.springframework.boot\spring-boot-starter-tomcat\1.5.10.RELEASE\11e474e265f1c68fc435dddbac42ab3574b5e4b6\spring-boot-starter-tomcat-1.5.10.RELEASE.jar;C:\Users\alejandro.gomez\.gradle\caches\modules-2\files-2.1\mysql\mysql-connector-java\5.1.45\ee64ec436a87c35362176ea300d69c912d1cbeac\mysql-connector-java-5.1.45.jar;C:\Users\alejandro.gomez\.gradle\caches\modules-2\files-2.1\org.springframework.boot\spring-boot-starter-test\1.5.10.RELEASE\d4e1be51061d71b55f4bd4458d8437d1b943a70\spring-boot-starter-test-1.5.10.RELEASE.jar;C:\Users\alejandro.gomez\.gradle\caches\modules-2\files-2.1\com.h2database\h2\1.4.196\dd0034398d593aa3588c6773faac429bbd9aea0e\h2-1.4.196.jar;C:\Users\alejandro.gomez\.gradle\caches\modules-2\files-2.1\org.springframework.boot\spring-boot-starter\1.5.10.RELEASE\d935ac98f84c1d97d7ccd702d21abdc236fa7aa0\spring-boot-starter-1.5.10.RELEASE.jar;C:\Users\alejandro.gomez\.gradle\caches\modules-2\files-2.1\org.springframework.boot\spring-boot-starter-aop\1.5.10.RELEASE\2e58fd451d9e89a539a2c15efc5089d81dd7a686\spring-boot-starter-aop-1.5.10.RELEASE.jar;C:\Users\alejandro.gomez\.gradle\caches\modules-2\files-2.1\org.springframework.boot\spring-boot-starter-jdbc\1.5.10.RELEASE\f78396b57f70a0ca8422bcbe8959aa49baf49023\spring-boot-starter-jdbc-1.5.10.RELEASE.jar;C:\Users\alejandro.gomez\.gradle\caches\modules-2\files-2.1\org.hibernate\hibernate-core\5.0.12.Final\e58bf1c660e6706d8e2cbb53bae110f574366102\hibernate-core-5.0.12.Final.jar;C:\Users\alejandro.gomez\.gradle\caches\modules-2\files-2.1\org.hibernate\hibernate-entitymanager\5.0.12.Final\302a526f5058290e9cbd719a5caf9f248d344719\hibernate-entitymanager-5.0.12.Final.jar;C:\Users\alejandro.gomez\.gradle\caches\modules-2\files-2.1\javax.transaction\javax.transaction-api\1.2\d81aff979d603edd90dcd8db2abc1f4ce6479e3e\javax.transaction-api-1.2.jar;C:\Users\alejandro.gomez\.gradle\caches\modules-2\files-2.1\org.springframework.data\spring-data-jpa\1.11.10.RELEASE\82ec646adc5d33b7b1d8f52e90c0ea030f0888ca\spring-data-jpa-1.11.10.RELEASE.jar;C:\Users\alejandro.gomez\.gradle\caches\modules-2\files-2.1\org.springframework\spring-aspects\4.3.14.RELEASE\e2d10895e7142dd4c5e979407fe4539146429618\spring-aspects-4.3.14.RELEASE.jar;C:\Users\alejandro.gomez\.gradle\caches\modules-2\files-2.1\org.springframework.boot\spring-boot-starter-validation\1.5.10.RELEASE\346061838704f87cb5c6f321939ac52829717bc9\spring-boot-starter-validation-1.5.10.RELEASE.jar;C:\Users\alejandro.gomez\.gradle\caches\modules-2\files-2.1\com.fasterxml.jackson.core\jackson-databind\2.8.10\f7b83cb2bc4b88d53961e749e1ad32f49ef017b7\jackson-databind-2.8.10.jar;C:\Users\alejandro.gomez\.gradle\caches\modules-2\files-2.1\org.springframework\spring-web\4.3.14.RELEASE\a0c3bf3ad661db185675bd5af350f35ed11f0903\spring-web-4.3.14.RELEASE.jar;C:\Users\alejandro.gomez\.gradle\caches\modules-2\files-2.1\org.glassfish.jersey.core\jersey-server\2.25.1\276e2ee0fd1cdabf99357fce560c5baab675b1a2\jersey-server-2.25.1.jar;C:\Users\alejandro.gomez\.gradle\caches\modules-2\files-2.1\org.glassfish.jersey.containers\jersey-container-servlet-core\2.25.1\400e30bb035a0cdf3c554530224141ce659a0d1e\jersey-container-servlet-core-2.25.1.jar;C:\Users\alejandro.gomez\.gradle\caches\modules-2\files-2.1\org.glassfish.jersey.containers\jersey-container-servlet\2.25.1\cf5f7a76fcea38158b890ab7a0142d4db709a882\jersey-container-servlet-2.25.1.jar;C:\Users\alejandro.gomez\.gradle\caches\modules-2\files-2.1\org.glassfish.jersey.ext\jersey-bean-validation\2.25.1\1971927d79cad0ad2b5a3bfda24967748a2023d\jersey-bean-validation-2.25.1.jar;C:\Users\alejandro.gomez\.gradle\caches\modules-2\files-2.1\org.glassfish.jersey.ext\jersey-spring3\2.25.1\a31bfcd2fcae5beb979d3f41079b6f4020d6fbc9\jersey-spring3-2.25.1.jar;C:\Users\alejandro.gomez\.gradle\caches\modules-2\files-2.1\org.glassfish.jersey.media\jersey-media-json-jackson\2.25.1\19d1e4276eb7b6386640c344d9e5c01eba7eae5d\jersey-media-json-jackson-2.25.1.jar;C:\Users\alejandro.gomez\.gradle\caches\modules-2\files-2.1\org.hibernate\hibernate-validator\5.3.6.Final\4c730be8bf55a8e9a61e79a2f2c079abf48b718\hibernate-validator-5.3.6.Final.jar;C:\Users\alejandro.gomez\.gradle\caches\modules-2\files-2.1\org.springframework\spring-webmvc\4.3.14.RELEASE\1571eab8a807005d424ca16fedd54b1f439787b2\spring-webmvc-4.3.14.RELEASE.jar;C:\Users\alejandro.gomez\.gradle\caches\modules-2\files-2.1\org.springframework\spring-oxm\4.3.14.RELEASE\20080d261e7a79cad00f8f6d628fd2c1049f6f2\spring-oxm-4.3.14.RELEASE.jar;C:\Users\alejandro.gomez\.gradle\caches\modules-2\files-2.1\org.springframework.ws\spring-ws-core\2.4.2.RELEASE\95301b43880bf28d476a6c32cba0062b9cd09852\spring-ws-core-2.4.2.RELEASE.jar;C:\Users\alejandro.gomez\.gradle\caches\modules-2\files-2.1\org.apache.tomcat.embed\tomcat-embed-core\8.5.27\a10612f0af27c7bfcc4e8d88393adad1fc5b4ece\tomcat-embed-core-8.5.27.jar;C:\Users\alejandro.gomez\.gradle\caches\modules-2\files-2.1\org.apache.tomcat.embed\tomcat-embed-el\8.5.27\5a591bcf5c930d2b37bb40c0f95180604a3b1a57\tomcat-embed-el-8.5.27.jar;C:\Users\alejandro.gomez\.gradle\caches\modules-2\files-2.1\org.apache.tomcat.embed\tomcat-embed-websocket\8.5.27\3cba1c5187a17b0233de5712024d6e144036ba9a\tomcat-embed-websocket-8.5.27.jar;C:\Users\alejandro.gomez\.gradle\caches\modules-2\files-2.1\org.springframework.boot\spring-boot-test\1.5.10.RELEASE\b7f28e8896906f0bbbb951727a7c5581c562d1c9\spring-boot-test-1.5.10.RELEASE.jar;C:\Users\alejandro.gomez\.gradle\caches\modules-2\files-2.1\org.springframework.boot\spring-boot-test-autoconfigure\1.5.10.RELEASE\55242f7c194fb141de8460a92e92b716469fc3a8\spring-boot-test-autoconfigure-1.5.10.RELEASE.jar;C:\Users\alejandro.gomez\.gradle\caches\modules-2\files-2.1\com.jayway.jsonpath\json-path\2.2.0\22290d17944bd239fabf5ac69005a60a7ecbbbcb\json-path-2.2.0.jar;C:\Users\alejandro.gomez\.gradle\caches\modules-2\files-2.1\junit\junit\4.12\2973d150c0dc1fefe998f834810d68f278ea58ec\junit-4.12.jar;C:\Users\alejandro.gomez\.gradle\caches\modules-2\files-2.1\org.assertj\assertj-core\2.6.0\b532c3fc4f66bcfee4989a3514f1cd56203a33ad\assertj-core-2.6.0.jar;C:\Users\alejandro.gomez\.gradle\caches\modules-2\files-2.1\org.mockito\mockito-core\1.10.19\e8546f5bef4e061d8dd73895b4e8f40e3fe6effe\mockito-core-1.10.19.jar;C:\Users\alejandro.gomez\.gradle\caches\modules-2\files-2.1\org.hamcrest\hamcrest-core\1.3\42a25dc3219429f0e5d060061f71acb49bf010a0\hamcrest-core-1.3.jar;C:\Users\alejandro.gomez\.gradle\caches\modules-2\files-2.1\org.hamcrest\hamcrest-library\1.3\4785a3c21320980282f9f33d0d1264a69040538f\hamcrest-library-1.3.jar;C:\Users\alejandro.gomez\.gradle\caches\modules-2\files-2.1\org.skyscreamer\jsonassert\1.4.0\9cdbb373a06f6513e51e8c545ee6a5e981463edb\jsonassert-1.4.0.jar;C:\Users\alejandro.gomez\.gradle\caches\modules-2\files-2.1\org.springframework\spring-core\4.3.14.RELEASE\c70ddb6204457a802d1f6882d65bca3e5b3c41df\spring-core-4.3.14.RELEASE.jar;C:\Users\alejandro.gomez\.gradle\caches\modules-2\files-2.1\org.springframework\spring-test\4.3.14.RELEASE\1a7f6f51a263a3e09e94403653348b3864412c53\spring-test-4.3.14.RELEASE.jar;C:\Users\alejandro.gomez\.gradle\caches\modules-2\files-2.1\org.springframework.boot\spring-boot\1.5.10.RELEASE\594b3efa04829f62754a19f59f81ba204636167a\spring-boot-1.5.10.RELEASE.jar;C:\Users\alejandro.gomez\.gradle\caches\modules-2\files-2.1\org.springframework.boot\spring-boot-autoconfigure\1.5.10.RELEASE\be96efab0d35181f18c486b0ec8d6a41a7042fce\spring-boot-autoconfigure-1.5.10.RELEASE.jar;C:\Users\alejandro.gomez\.gradle\caches\modules-2\files-2.1\org.springframework.boot\spring-boot-starter-logging\1.5.10.RELEASE\62c73688208b3173645d6701fc3eb95ca657e6c8\spring-boot-starter-logging-1.5.10.RELEASE.jar;C:\Users\alejandro.gomez\.gradle\caches\modules-2\files-2.1\org.yaml\snakeyaml\1.17\7a27ea250c5130b2922b86dea63cbb1cc10a660c\snakeyaml-1.17.jar;C:\Users\alejandro.gomez\.gradle\caches\modules-2\files-2.1\org.springframework\spring-aop\4.3.14.RELEASE\dfe55b0592aead8e3eb0e6a4e98db433b9e09bd7\spring-aop-4.3.14.RELEASE.jar;C:\Users\alejandro.gomez\.gradle\caches\modules-2\files-2.1\org.aspectj\aspectjweaver\1.8.13\ad94df2a28d658a40dc27bbaff6a1ce5fbf04e9b\aspectjweaver-1.8.13.jar;C:\Users\alejandro.gomez\.gradle\caches\modules-2\files-2.1\org.apache.tomcat\tomcat-jdbc\8.5.27\f37dfae9e9afb6b2742e04a401e32264c5fec0ec\tomcat-jdbc-8.5.27.jar;C:\Users\alejandro.gomez\.gradle\caches\modules-2\files-2.1\org.springframework\spring-jdbc\4.3.14.RELEASE\1b1b9045d9ec1e067d99bf158210e9e7cf2ebfd2\spring-jdbc-4.3.14.RELEASE.jar;C:\Users\alejandro.gomez\.gradle\caches\modules-2\files-2.1\org.jboss.logging\jboss-logging\3.3.1.Final\c46217ab74b532568c0ed31dc599db3048bd1b67\jboss-logging-3.3.1.Final.jar;C:\Users\alejandro.gomez\.gradle\caches\modules-2\files-2.1\org.hibernate.javax.persistence\hibernate-jpa-2.1-api\1.0.0.Final\5e731d961297e5a07290bfaf3db1fbc8bbbf405a\hibernate-jpa-2.1-api-1.0.0.Final.jar;C:\Users\alejandro.gomez\.gradle\caches\modules-2\files-2.1\org.javassist\javassist\3.21.0-GA\598244f595db5c5fb713731eddbb1c91a58d959b\javassist-3.21.0-GA.jar;C:\Users\alejandro.gomez\.gradle\caches\modules-2\files-2.1\antlr\antlr\2.7.7\83cd2cd674a217ade95a4bb83a8a14f351f48bd0\antlr-2.7.7.jar;C:\Users\alejandro.gomez\.gradle\caches\modules-2\files-2.1\org.jboss\jandex\2.0.0.Final\3e899258936f94649c777193e1be846387ed54b3\jandex-2.0.0.Final.jar;C:\Users\alejandro.gomez\.gradle\caches\modules-2\files-2.1\dom4j\dom4j\1.6.1\5d3ccc056b6f056dbf0dddfdf43894b9065a8f94\dom4j-1.6.1.jar;C:\Users\alejandro.gomez\.gradle\caches\modules-2\files-2.1\org.hibernate.common\hibernate-commons-annotations\5.0.1.Final\71e1cff3fcb20d3b3af4f3363c3ddb24d33c6879\hibernate-commons-annotations-5.0.1.Final.jar;C:\Users\alejandro.gomez\.gradle\caches\modules-2\files-2.1\org.springframework.data\spring-data-commons\1.13.10.RELEASE\b732245a0902b561b0c33e54cd0f382e9ac444ed\spring-data-commons-1.13.10.RELEASE.jar;C:\Users\alejandro.gomez\.gradle\caches\modules-2\files-2.1\org.springframework\spring-orm\4.3.14.RELEASE\721bc451d02070954ebee039d419b410c4697fcb\spring-orm-4.3.14.RELEASE.jar;C:\Users\alejandro.gomez\.gradle\caches\modules-2\files-2.1\org.springframework\spring-context\4.3.14.RELEASE\e50a712960926c30e537ef4a633f5d9dd5a8b155\spring-context-4.3.14.RELEASE.jar;C:\Users\alejandro.gomez\.gradle\caches\modules-2\files-2.1\org.springframework\spring-tx\4.3.14.RELEASE\1c9449fcb805837db3c706eab4c729f89688a267\spring-tx-4.3.14.RELEASE.jar;C:\Users\alejandro.gomez\.gradle\caches\modules-2\files-2.1\org.springframework\spring-beans\4.3.14.RELEASE\7bcd17a68dd64e9447d7bff2c42ba7417678596e\spring-beans-4.3.14.RELEASE.jar;C:\Users\alejandro.gomez\.gradle\caches\modules-2\files-2.1\org.slf4j\slf4j-api\1.7.25\da76ca59f6a57ee3102f8f9bd9cee742973efa8a\slf4j-api-1.7.25.jar;C:\Users\alejandro.gomez\.gradle\caches\modules-2\files-2.1\org.slf4j\jcl-over-slf4j\1.7.25\f8c32b13ff142a513eeb5b6330b1588dcb2c0461\jcl-over-slf4j-1.7.25.jar;C:\Users\alejandro.gomez\.gradle\caches\modules-2\files-2.1\com.fasterxml.jackson.core\jackson-annotations\2.8.0\45b426f7796b741035581a176744d91090e2e6fb\jackson-annotations-2.8.0.jar;C:\Users\alejandro.gomez\.gradle\caches\modules-2\files-2.1\com.fasterxml.jackson.core\jackson-core\2.8.10\eb21a035c66ad307e66ec8fce37f5d50fd62d039\jackson-core-2.8.10.jar;C:\Users\alejandro.gomez\.gradle\caches\modules-2\files-2.1\org.glassfish.jersey.core\jersey-common\2.25.1\2438ce68d4907046095ab54aa83a6092951b4bbb\jersey-common-2.25.1.jar;C:\Users\alejandro.gomez\.gradle\caches\modules-2\files-2.1\org.glassfish.jersey.core\jersey-client\2.25.1\4d563b1f93352ee9fad597e9e1daf2c6159993c6\jersey-client-2.25.1.jar;C:\Users\alejandro.gomez\.gradle\caches\modules-2\files-2.1\javax.ws.rs\javax.ws.rs-api\2.0.1\104e9c2b5583cfcfeac0402316221648d6d8ea6b\javax.ws.rs-api-2.0.1.jar;C:\Users\alejandro.gomez\.gradle\caches\modules-2\files-2.1\org.glassfish.jersey.media\jersey-media-jaxb\2.25.1\d7da0beeed5614a3bfd882662faec602699e24b\jersey-media-jaxb-2.25.1.jar;C:\Users\alejandro.gomez\.gradle\caches\modules-2\files-2.1\javax.annotation\javax.annotation-api\1.2\479c1e06db31c432330183f5cae684163f186146\javax.annotation-api-1.2.jar;C:\Users\alejandro.gomez\.gradle\caches\modules-2\files-2.1\org.glassfish.hk2\hk2-api\2.5.0-b32\6a576c9653832ce610b80a2f389374ef19d96171\hk2-api-2.5.0-b32.jar;C:\Users\alejandro.gomez\.gradle\caches\modules-2\files-2.1\org.glassfish.hk2.external\javax.inject\2.5.0-b32\b2fa50c8186a38728c35fe6a9da57ce4cc806923\javax.inject-2.5.0-b32.jar;C:\Users\alejandro.gomez\.gradle\caches\modules-2\files-2.1\org.glassfish.hk2\hk2-locator\2.5.0-b32\195474f8ad0a8d130e9ea949a771bcf1215fc33b\hk2-locator-2.5.0-b32.jar;C:\Users\alejandro.gomez\.gradle\caches\modules-2\files-2.1\javax.validation\validation-api\1.1.0.Final\8613ae82954779d518631e05daa73a6a954817d5\validation-api-1.1.0.Final.jar;C:\Users\alejandro.gomez\.gradle\caches\modules-2\files-2.1\org.glassfish.hk2\hk2\2.5.0-b32\c3accae585955e49c771d464899e906ecc9ffb4\hk2-2.5.0-b32.jar;C:\Users\alejandro.gomez\.gradle\caches\modules-2\files-2.1\org.glassfish.hk2\spring-bridge\2.5.0-b32\f38ecef23edc769942a95c062efd63541044de42\spring-bridge-2.5.0-b32.jar;C:\Users\alejandro.gomez\.gradle\caches\modules-2\files-2.1\org.glassfish.jersey.ext\jersey-entity-filtering\2.25.1\4a5805060f796ec2c9bb1ba0ce91c1db6d889524\jersey-entity-filtering-2.25.1.jar;C:\Users\alejandro.gomez\.gradle\caches\modules-2\files-2.1\com.fasterxml.jackson.jaxrs\jackson-jaxrs-base\2.8.10\50a3d02a31cb427272a96fe696b5ac9442c7cfa1\jackson-jaxrs-base-2.8.10.jar;C:\Users\alejandro.gomez\.gradle\caches\modules-2\files-2.1\com.fasterxml.jackson.jaxrs\jackson-jaxrs-json-provider\2.8.10\f8837cf03871569eb02a491dea64929e5da14b4\jackson-jaxrs-json-provider-2.8.10.jar;C:\Users\alejandro.gomez\.gradle\caches\modules-2\files-2.1\com.fasterxml\classmate\1.3.4\3d5f48f10bbe4eb7bd862f10c0583be2e0053c6\classmate-1.3.4.jar;C:\Users\alejandro.gomez\.gradle\caches\modules-2\files-2.1\org.springframework\spring-expression\4.3.14.RELEASE\58477b44debcb49b09e962e3047ee74c2c033e89\spring-expression-4.3.14.RELEASE.jar;C:\Users\alejandro.gomez\.gradle\caches\modules-2\files-2.1\org.springframework.ws\spring-xml\2.4.2.RELEASE\32ae2b2a74f5993c17a4b3cfbfd09130cd8f4bbd\spring-xml-2.4.2.RELEASE.jar;C:\Users\alejandro.gomez\.gradle\caches\modules-2\files-2.1\org.apache.tomcat\tomcat-annotations-api\8.5.27\122c0a4acaba72bf4590e83c9fbcb3475c46edc5\tomcat-annotations-api-8.5.27.jar;C:\Users\alejandro.gomez\.gradle\caches\modules-2\files-2.1\net.minidev\json-smart\2.2.1\5b9e5df7a62d1279b70dc882b041d249c4f0b002\json-smart-2.2.1.jar;C:\Users\alejandro.gomez\.gradle\caches\modules-2\files-2.1\org.objenesis\objenesis\2.1\87c0ea803b69252868d09308b4618f766f135a96\objenesis-2.1.jar;C:\Users\alejandro.gomez\.gradle\caches\modules-2\files-2.1\com.vaadin.external.google\android-json\0.0.20131108.vaadin1\fa26d351fe62a6a17f5cda1287c1c6110dec413f\android-json-0.0.20131108.vaadin1.jar;C:\Users\alejandro.gomez\.gradle\caches\modules-2\files-2.1\ch.qos.logback\logback-classic\1.1.11\ccedfbacef4a6515d2983e3f89ed753d5d4fb665\logback-classic-1.1.11.jar;C:\Users\alejandro.gomez\.gradle\caches\modules-2\files-2.1\org.slf4j\jul-to-slf4j\1.7.25\af5364cd6679bfffb114f0dec8a157aaa283b76\jul-to-slf4j-1.7.25.jar;C:\Users\alejandro.gomez\.gradle\caches\modules-2\files-2.1\org.slf4j\log4j-over-slf4j\1.7.25\a87bb47468f47ee7aabbd54f93e133d4215769c3\log4j-over-slf4j-1.7.25.jar;C:\Users\alejandro.gomez\.gradle\caches\modules-2\files-2.1\org.apache.tomcat\tomcat-juli\8.5.27\583a08f2f59c6abdd86833b572b9a2f55e61a0f2\tomcat-juli-8.5.27.jar;C:\Users\alejandro.gomez\.gradle\caches\modules-2\files-2.1\org.glassfish.jersey.bundles.repackaged\jersey-guava\2.25.1\a2bb4f8208e134cf2cf71dfb8824e42942f7bd06\jersey-guava-2.25.1.jar;C:\Users\alejandro.gomez\.gradle\caches\modules-2\files-2.1\org.glassfish.hk2\osgi-resource-locator\1.0.1\4ed2b2d4738aed5786cfa64cba5a332779c4c708\osgi-resource-locator-1.0.1.jar;C:\Users\alejandro.gomez\.gradle\caches\modules-2\files-2.1\org.glassfish.hk2\hk2-utils\2.5.0-b32\5108a926988c4ceda7f1e681dddfe3101454a002\hk2-utils-2.5.0-b32.jar;C:\Users\alejandro.gomez\.gradle\caches\modules-2\files-2.1\org.glassfish.hk2.external\aopalliance-repackaged\2.5.0-b32\6af37c3f8ec6f9e9653ec837eb508da28ce443cd\aopalliance-repackaged-2.5.0-b32.jar;C:\Users\alejandro.gomez\.gradle\caches\modules-2\files-2.1\org.glassfish.hk2\config-types\2.5.0-b32\686bbe7f80b1b879d64c06bc6606c97721a795f2\config-types-2.5.0-b32.jar;C:\Users\alejandro.gomez\.gradle\caches\modules-2\files-2.1\org.glassfish.hk2\hk2-core\2.5.0-b32\8cb6a8a9522ec523b7740d29f555bdbe9d936af2\hk2-core-2.5.0-b32.jar;C:\Users\alejandro.gomez\.gradle\caches\modules-2\files-2.1\org.glassfish.hk2\hk2-config\2.5.0-b32\dce05ac4225dbc0c1c382ad02e3b5bee51f0168a\hk2-config-2.5.0-b32.jar;C:\Users\alejandro.gomez\.gradle\caches\modules-2\files-2.1\org.glassfish.hk2\hk2-runlevel\2.5.0-b32\60dc979763ea885e796cba4d3e322af8d500ba74\hk2-runlevel-2.5.0-b32.jar;C:\Users\alejandro.gomez\.gradle\caches\modules-2\files-2.1\org.glassfish.hk2\class-model\2.5.0-b32\17f054f3e91898c0c0fc52163ad904b13c24e8b\class-model-2.5.0-b32.jar;C:\Users\alejandro.gomez\.gradle\caches\modules-2\files-2.1\com.fasterxml.jackson.module\jackson-module-jaxb-annotations\2.8.10\22df8efd0cff7661bf136148c73e2651748f7600\jackson-module-jaxb-annotations-2.8.10.jar;C:\Users\alejandro.gomez\.gradle\caches\modules-2\files-2.1\net.minidev\accessors-smart\1.1\a527213f2fea112a04c9bdf0ec0264e34104cd08\accessors-smart-1.1.jar;C:\Users\alejandro.gomez\.gradle\caches\modules-2\files-2.1\ch.qos.logback\logback-core\1.1.11\88b8df40340eed549fb07e2613879bf6b006704d\logback-core-1.1.11.jar;C:\Users\alejandro.gomez\.gradle\caches\modules-2\files-2.1\org.glassfish.hk2.external\asm-all-repackaged\2.5.0-b32\dc705f1d54cd5a96cbc5a473525e75ef1cb59a9e\asm-all-repackaged-2.5.0-b32.jar;C:\Users\alejandro.gomez\.gradle\caches\modules-2\files-2.1\org.ow2.asm\asm\5.0.3\dcc2193db20e19e1feca8b1240dbbc4e190824fa\asm-5.0.3.jar, user.name=alejandro.gomez, java.vm.specification.version=1.8, sun.java.command=worker.org.gradle.process.internal.worker.GradleWorkerMain 'Gradle Test Executor 1', java.home=C:\Program Files\Java\jdk1.8.0_161\jre, sun.arch.data.model=64, user.language=en, java.specification.vendor=Oracle Corporation, awt.toolkit=sun.awt.windows.WToolkit, java.vm.info=mixed mode, java.version=1.8.0_161, java.ext.dirs=C:\Program Files\Java\jdk1.8.0_161\jre\lib\ext;C:\Windows\Sun\Java\lib\ext, sun.boot.class.path=C:\Program Files\Java\jdk1.8.0_161\jre\lib\resources.jar;C:\Program Files\Java\jdk1.8.0_161\jre\lib\rt.jar;C:\Program Files\Java\jdk1.8.0_161\jre\lib\sunrsasign.jar;C:\Program Files\Java\jdk1.8.0_161\jre\lib\jsse.jar;C:\Program Files\Java\jdk1.8.0_161\jre\lib\jce.jar;C:\Program Files\Java\jdk1.8.0_161\jre\lib\charsets.jar;C:\Program Files\Java\jdk1.8.0_161\jre\lib\jfr.jar;C:\Program Files\Java\jdk1.8.0_161\jre\classes, java.vendor=Oracle Corporation, org.gradle.test.worker=1, file.separator=\, java.vendor.url.bug=http://bugreport.sun.com/bugreport/, sun.io.unicode.encoding=UnicodeLittle, sun.cpu.endian=little, sun.desktop=windows, sun.cpu.isalist=amd64}}, SystemEnvironmentPropertySource@1145163844 {name='systemEnvironment', properties={USERDOMAIN_ROAMINGPROFILE=CEIBA, LOCALAPPDATA=C:\Users\alejandro.gomez\AppData\Local, ChocolateyLastPathUpdate=Wed Feb 21 11:19:04 2018, PROCESSOR_LEVEL=6, USERDOMAIN=CEIBA, LOGONSERVER=\\ARES, JAVA_HOME=C:\Program Files\Java\jdk1.8.0_161, SESSIONNAME=Console, ALLUSERSPROFILE=C:\ProgramData, PROCESSOR_ARCHITECTURE=AMD64, GRADLE_HOME=C:\ProgramData\chocolatey\lib\gradle\tools\gradle-4.5.1, PSModulePath=C:\Program Files\WindowsPowerShell\Modules;C:\Windows\system32\WindowsPowerShell\v1.0\Modules, SystemDrive=C:, OneDrive=C:\Users\alejandro.gomez\OneDrive, APPDATA=C:\Users\alejandro.gomez\AppData\Roaming, USERNAME=alejandro.gomez, USERDNSDOMAIN=CEIBA.LOCAL, ChocolateyToolsLocation=C:\tools, ProgramFiles(x86)=C:\Program Files (x86), CommonProgramFiles=C:\Program Files\Common Files, Path=C:/Program Files/Java/jre1.8.0_161/bin/server;C:/Program Files/Java/jre1.8.0_161/bin;C:/Program Files/Java/jre1.8.0_161/lib/amd64;C:\ProgramData\Oracle\Java\javapath;C:\Program Files (x86)\Intel\iCLS Client\;C:\Program Files\Intel\iCLS Client\;C:\Oracle\product\11.1.0\client_1\bin;C:\Program Files\CollabNet\Subversion Client;C:\Windows\system32;C:\Windows;C:\Windows\System32\Wbem;C:\Windows\System32\WindowsPowerShell\v1.0\;C:\Program Files (x86)\Intel\Intel(R) Management Engine Components\DAL;C:\Program Files\Intel\Intel(R) Management Engine Components\DAL;C:\Program Files (x86)\Intel\Intel(R) Management Engine Components\IPT;C:\Program Files\Intel\Intel(R) Management Engine Components\IPT;D:\ProgramFiles\nodejs\;C:\Program Files\PuTTY\;C:\Program Files\Git\cmd;C:\Program Files\TortoiseGit\bin;C:\Program Files\MySQL\MySQL Utilities 1.6\;C:\Users\alejandro.gomez\scoop\shims;C:\Users\alejandro.gomez\AppData\Local\Microsoft\WindowsApps;C:\Users\alejandro.gomez\AppData\Roaming\npm;C:\ProgramData\chocolatey\bin;;C:\Windows\System32;, PATHEXT=.COM;.EXE;.BAT;.CMD;.VBS;.VBE;.JS;.JSE;.WSF;.WSH;.MSC, OS=Windows_NT, COMPUTERNAME=ALEJANDRO-GOMEZ, Chocolatey=C:\ProgramData\chocolatey, PROCESSOR_REVISION=3a09, CommonProgramW6432=C:\Program Files\Common Files, ComSpec=C:\Windows\system32\cmd.exe, ProgramData=C:\ProgramData, ProgramW6432=C:\Program Files, HOMEPATH=\Users\alejandro.gomez, SystemRoot=C:\Windows, TEMP=C:\Users\ALEJAN~1.GOM\AppData\Local\Temp, HOMEDRIVE=C:, PROCESSOR_IDENTIFIER=Intel64 Family 6 Model 58 Stepping 9, GenuineIntel, USERPROFILE=C:\Users\alejandro.gomez, TMP=C:\Users\ALEJAN~1.GOM\AppData\Local\Temp, CommonProgramFiles(x86)=C:\Program Files (x86)\Common Files, ProgramFiles=C:\Program Files, PUBLIC=C:\Users\Public, NUMBER_OF_PROCESSORS=8, windir=C:\Windows, =::=::\}}]
16:12:20.025 [Test worker] DEBUG org.springframework.core.io.support.PathMatchingResourcePatternResolver - Resolved classpath location [co/ceiba/parking/] to resources [URL [file:/D:/Proyectos/Curso/PruebaConcepto/parking/build/classes/test/co/ceiba/parking/], URL [file:/D:/Proyectos/Curso/PruebaConcepto/parking/build/classes/main/co/ceiba/parking/]]
16:12:20.025 [Test worker] DEBUG org.springframework.core.io.support.PathMatchingResourcePatternResolver - Looking for matching resources in directory tree [D:\Proyectos\Curso\PruebaConcepto\parking\build\classes\test\co\ceiba\parking]
16:12:20.025 [Test worker] DEBUG org.springframework.core.io.support.PathMatchingResourcePatternResolver - Searching directory [D:\Proyectos\Curso\PruebaConcepto\parking\build\classes\test\co\ceiba\parking] for files matching pattern [D:/Proyectos/Curso/PruebaConcepto/parking/build/classes/test/co/ceiba/parking/*.class]
16:12:20.041 [Test worker] DEBUG org.springframework.core.io.support.PathMatchingResourcePatternResolver - Looking for matching resources in directory tree [D:\Proyectos\Curso\PruebaConcepto\parking\build\classes\main\co\ceiba\parking]
16:12:20.041 [Test worker] DEBUG org.springframework.core.io.support.PathMatchingResourcePatternResolver - Searching directory [D:\Proyectos\Curso\PruebaConcepto\parking\build\classes\main\co\ceiba\parking] for files matching pattern [D:/Proyectos/Curso/PruebaConcepto/parking/build/classes/main/co/ceiba/parking/*.class]
16:12:20.041 [Test worker] DEBUG org.springframework.core.io.support.PathMatchingResourcePatternResolver - Resolved location pattern [classpath*:co/ceiba/parking/*.class] to resources [file [D:\Proyectos\Curso\PruebaConcepto\parking\build\classes\test\co\ceiba\parking\ParkingApplicationTests.class], file [D:\Proyectos\Curso\PruebaConcepto\parking\build\classes\main\co\ceiba\parking\ParkingApplication.class], file [D:\Proyectos\Curso\PruebaConcepto\parking\build\classes\main\co\ceiba\parking\ServletInitializer.class]]
16:12:20.119 [Test worker] DEBUG org.springframework.context.annotation.ClassPathScanningCandidateComponentProvider - Identified candidate component class: file [D:\Proyectos\Curso\PruebaConcepto\parking\build\classes\main\co\ceiba\parking\ParkingApplication.class]
16:12:20.119 [Test worker] INFO org.springframework.boot.test.context.SpringBootTestContextBootstrapper - Found @SpringBootConfiguration co.ceiba.parking.ParkingApplication for test class co.ceiba.parking.ParkingApplicationTests
16:12:20.119 [Test worker] DEBUG org.springframework.boot.test.context.SpringBootTestContextBootstrapper - @TestExecutionListeners is not present for class [co.ceiba.parking.ParkingApplicationTests]: using defaults.
16:12:20.134 [Test worker] INFO org.springframework.boot.test.context.SpringBootTestContextBootstrapper - Loaded default TestExecutionListener class names from location [META-INF/spring.factories]: [org.springframework.boot.test.mock.mockito.MockitoTestExecutionListener, org.springframework.boot.test.mock.mockito.ResetMocksTestExecutionListener, org.springframework.boot.test.autoconfigure.restdocs.RestDocsTestExecutionListener, org.springframework.boot.test.autoconfigure.web.client.MockRestServiceServerResetTestExecutionListener, org.springframework.boot.test.autoconfigure.web.servlet.MockMvcPrintOnlyOnFailureTestExecutionListener, org.springframework.boot.test.autoconfigure.web.servlet.WebDriverTestExecutionListener, org.springframework.test.context.web.ServletTestExecutionListener, org.springframework.test.context.support.DirtiesContextBeforeModesTestExecutionListener, org.springframework.test.context.support.DependencyInjectionTestExecutionListener, org.springframework.test.context.support.DirtiesContextTestExecutionListener, org.springframework.test.context.transaction.TransactionalTestExecutionListener, org.springframework.test.context.jdbc.SqlScriptsTestExecutionListener]
16:12:20.181 [Test worker] INFO org.springframework.boot.test.context.SpringBootTestContextBootstrapper - Using TestExecutionListeners: [org.springframework.test.context.web.ServletTestExecutionListener@42ce6516, org.springframework.test.context.support.DirtiesContextBeforeModesTestExecutionListener@2cf487c9, org.springframework.boot.test.autoconfigure.SpringBootDependencyInjectionTestExecutionListener@1af6882e, org.springframework.test.context.support.DirtiesContextTestExecutionListener@1c78ee7e, org.springframework.test.context.transaction.TransactionalTestExecutionListener@2d2fce32, org.springframework.test.context.jdbc.SqlScriptsTestExecutionListener@256dce91, org.springframework.boot.test.mock.mockito.MockitoTestExecutionListener@bf495ea, org.springframework.boot.test.mock.mockito.ResetMocksTestExecutionListener@50a491f4, org.springframework.boot.test.autoconfigure.restdocs.RestDocsTestExecutionListener@3a98b8c, org.springframework.boot.test.autoconfigure.web.client.MockRestServiceServerResetTestExecutionListener@487bc42e, org.springframework.boot.test.autoconfigure.web.servlet.MockMvcPrintOnlyOnFailureTestExecutionListener@670f530e, org.springframework.boot.test.autoconfigure.web.servlet.WebDriverTestExecutionListener@13d0452a]
16:12:20.181 [Test worker] DEBUG org.springframework.test.annotation.ProfileValueUtils - Retrieved @ProfileValueSourceConfiguration [null] for test class [co.ceiba.parking.ParkingApplicationTests]
16:12:20.181 [Test worker] DEBUG org.springframework.test.annotation.ProfileValueUtils - Retrieved ProfileValueSource type [class org.springframework.test.annotation.SystemProfileValueSource] for class [co.ceiba.parking.ParkingApplicationTests]
16:12:20.181 [Test worker] DEBUG org.springframework.test.annotation.ProfileValueUtils - Retrieved @ProfileValueSourceConfiguration [null] for test class [co.ceiba.parking.ParkingApplicationTests]
16:12:20.181 [Test worker] DEBUG org.springframework.test.annotation.ProfileValueUtils - Retrieved ProfileValueSource type [class org.springframework.test.annotation.SystemProfileValueSource] for class [co.ceiba.parking.ParkingApplicationTests]
16:12:20.181 [Test worker] DEBUG org.springframework.test.context.support.AbstractDirtiesContextTestExecutionListener - Before test class: context [DefaultTestContext@42dbfb87 testClass = ParkingApplicationTests, testInstance = [null], testMethod = [null], testException = [null], mergedContextConfiguration = [WebMergedContextConfiguration@4d4dac95 testClass = ParkingApplicationTests, locations = '{}', classes = '{class co.ceiba.parking.ParkingApplication}', contextInitializerClasses = '[]', activeProfiles = '{}', propertySourceLocations = '{}', propertySourceProperties = '{org.springframework.boot.test.context.SpringBootTestContextBootstrapper=true}', contextCustomizers = set[org.springframework.boot.test.context.SpringBootTestContextCustomizer@78dd5179, org.springframework.boot.test.context.filter.ExcludeFilterContextCustomizer@391ab6de, org.springframework.boot.test.json.DuplicateJsonObjectContextCustomizerFactory$DuplicateJsonObjectContextCustomizer@2b788b3, org.springframework.boot.test.mock.mockito.MockitoContextCustomizer@0, org.springframework.boot.test.autoconfigure.properties.PropertyMappingContextCustomizer@0, org.springframework.boot.test.autoconfigure.web.servlet.WebDriverContextCustomizerFactory$Customizer@17d14d17], resourceBasePath = 'src/main/webapp', contextLoader = 'org.springframework.boot.test.context.SpringBootContextLoader', parent = [null]]], class annotated with @DirtiesContext [false] with mode [null].
16:12:20.181 [Test worker] DEBUG org.springframework.test.annotation.ProfileValueUtils - Retrieved @ProfileValueSourceConfiguration [null] for test class [co.ceiba.parking.ParkingApplicationTests]
16:12:20.181 [Test worker] DEBUG org.springframework.test.annotation.ProfileValueUtils - Retrieved ProfileValueSource type [class org.springframework.test.annotation.SystemProfileValueSource] for class [co.ceiba.parking.ParkingApplicationTests]
16:12:20.291 [Test worker] DEBUG org.springframework.core.env.StandardEnvironment - Adding PropertySource 'systemProperties' with lowest search precedence
16:12:20.291 [Test worker] DEBUG org.springframework.core.env.StandardEnvironment - Adding PropertySource 'systemEnvironment' with lowest search precedence
16:12:20.291 [Test worker] DEBUG org.springframework.core.env.StandardEnvironment - Initialized StandardEnvironment with PropertySources [MapPropertySource@939024730 {name='systemProperties', properties={java.runtime.name=Java(TM) SE Runtime Environment, sun.boot.library.path=C:\Program Files\Java\jdk1.8.0_161\jre\bin, java.vm.version=25.161-b12, java.vm.vendor=Oracle Corporation, java.vendor.url=http://java.oracle.com/, path.separator=;, java.vm.name=Java HotSpot(TM) 64-Bit Server VM, file.encoding.pkg=sun.io, user.script=, sun.java.launcher=SUN_STANDARD, user.country=US, sun.os.patch.level=, java.vm.specification.name=Java Virtual Machine Specification, user.dir=D:\Proyectos\Curso\PruebaConcepto\parking, java.runtime.version=1.8.0_161-b12, java.awt.graphicsenv=sun.awt.Win32GraphicsEnvironment, java.endorsed.dirs=C:\Program Files\Java\jdk1.8.0_161\jre\lib\endorsed, os.arch=amd64, java.io.tmpdir=C:\Users\ALEJAN~1.GOM\AppData\Local\Temp\, line.separator=
, java.vm.specification.vendor=Oracle Corporation, user.variant=, os.name=Windows 10, sun.jnu.encoding=Cp1252, java.library.path=C:\Program Files\Java\jdk1.8.0_161\bin;C:\Windows\Sun\Java\bin;C:\Windows\system32;C:\Windows;C:/Program Files/Java/jre1.8.0_161/bin/server;C:/Program Files/Java/jre1.8.0_161/bin;C:/Program Files/Java/jre1.8.0_161/lib/amd64;C:\ProgramData\Oracle\Java\javapath;C:\Program Files (x86)\Intel\iCLS Client\;C:\Program Files\Intel\iCLS Client\;C:\Oracle\product\11.1.0\client_1\bin;C:\Program Files\CollabNet\Subversion Client;C:\Windows\system32;C:\Windows;C:\Windows\System32\Wbem;C:\Windows\System32\WindowsPowerShell\v1.0\;C:\Program Files (x86)\Intel\Intel(R) Management Engine Components\DAL;C:\Program Files\Intel\Intel(R) Management Engine Components\DAL;C:\Program Files (x86)\Intel\Intel(R) Management Engine Components\IPT;C:\Program Files\Intel\Intel(R) Management Engine Components\IPT;D:\ProgramFiles\nodejs\;C:\Program Files\PuTTY\;C:\Program Files\Git\cmd;C:\Program Files\TortoiseGit\bin;C:\Program Files\MySQL\MySQL Utilities 1.6\;C:\Users\alejandro.gomez\scoop\shims;C:\Users\alejandro.gomez\AppData\Local\Microsoft\WindowsApps;C:\Users\alejandro.gomez\AppData\Roaming\npm;C:\ProgramData\chocolatey\bin;;C:\Windows\System32;;., java.specification.name=Java Platform API Specification, java.class.version=52.0, sun.management.compiler=HotSpot 64-Bit Tiered Compilers, os.version=10.0, user.home=C:\Users\alejandro.gomez, user.timezone=America/Bogota, java.awt.printerjob=sun.awt.windows.WPrinterJob, file.encoding=windows-1252, java.specification.version=1.8, java.class.path=D:\Proyectos\Curso\PruebaConcepto\parking\build\classes\test;D:\Proyectos\Curso\PruebaConcepto\parking\build\resources\test;D:\Proyectos\Curso\PruebaConcepto\parking\build\classes\main;D:\Proyectos\Curso\PruebaConcepto\parking\build\resources\main;C:\Users\alejandro.gomez\.gradle\caches\modules-2\files-2.1\org.projectlombok\lombok\1.16.20\ac76d9b956045631d1561a09289cbf472e077c01\lombok-1.16.20.jar;C:\Users\alejandro.gomez\.gradle\caches\modules-2\files-2.1\org.springframework.boot\spring-boot-starter-data-jpa\1.5.10.RELEASE\ca30f9060231d3161d325580098d326754a2f4e1\spring-boot-starter-data-jpa-1.5.10.RELEASE.jar;C:\Users\alejandro.gomez\.gradle\caches\modules-2\files-2.1\org.springframework.boot\spring-boot-starter-jersey\1.5.10.RELEASE\cc83ee1dbe5f95fae7d34fe838bbef1a71355f58\spring-boot-starter-jersey-1.5.10.RELEASE.jar;C:\Users\alejandro.gomez\.gradle\caches\modules-2\files-2.1\org.springframework.boot\spring-boot-starter-web\1.5.10.RELEASE\8bc445f3ee81e5322e46b28cbb33bca1800b69d9\spring-boot-starter-web-1.5.10.RELEASE.jar;C:\Users\alejandro.gomez\.gradle\caches\modules-2\files-2.1\org.springframework.boot\spring-boot-starter-web-services\1.5.10.RELEASE\7de8d27b27ac00d7626d84faea891763cdb226d4\spring-boot-starter-web-services-1.5.10.RELEASE.jar;C:\Users\alejandro.gomez\.gradle\caches\modules-2\files-2.1\org.springframework.boot\spring-boot-starter-tomcat\1.5.10.RELEASE\11e474e265f1c68fc435dddbac42ab3574b5e4b6\spring-boot-starter-tomcat-1.5.10.RELEASE.jar;C:\Users\alejandro.gomez\.gradle\caches\modules-2\files-2.1\mysql\mysql-connector-java\5.1.45\ee64ec436a87c35362176ea300d69c912d1cbeac\mysql-connector-java-5.1.45.jar;C:\Users\alejandro.gomez\.gradle\caches\modules-2\files-2.1\org.springframework.boot\spring-boot-starter-test\1.5.10.RELEASE\d4e1be51061d71b55f4bd4458d8437d1b943a70\spring-boot-starter-test-1.5.10.RELEASE.jar;C:\Users\alejandro.gomez\.gradle\caches\modules-2\files-2.1\com.h2database\h2\1.4.196\dd0034398d593aa3588c6773faac429bbd9aea0e\h2-1.4.196.jar;C:\Users\alejandro.gomez\.gradle\caches\modules-2\files-2.1\org.springframework.boot\spring-boot-starter\1.5.10.RELEASE\d935ac98f84c1d97d7ccd702d21abdc236fa7aa0\spring-boot-starter-1.5.10.RELEASE.jar;C:\Users\alejandro.gomez\.gradle\caches\modules-2\files-2.1\org.springframework.boot\spring-boot-starter-aop\1.5.10.RELEASE\2e58fd451d9e89a539a2c15efc5089d81dd7a686\spring-boot-starter-aop-1.5.10.RELEASE.jar;C:\Users\alejandro.gomez\.gradle\caches\modules-2\files-2.1\org.springframework.boot\spring-boot-starter-jdbc\1.5.10.RELEASE\f78396b57f70a0ca8422bcbe8959aa49baf49023\spring-boot-starter-jdbc-1.5.10.RELEASE.jar;C:\Users\alejandro.gomez\.gradle\caches\modules-2\files-2.1\org.hibernate\hibernate-core\5.0.12.Final\e58bf1c660e6706d8e2cbb53bae110f574366102\hibernate-core-5.0.12.Final.jar;C:\Users\alejandro.gomez\.gradle\caches\modules-2\files-2.1\org.hibernate\hibernate-entitymanager\5.0.12.Final\302a526f5058290e9cbd719a5caf9f248d344719\hibernate-entitymanager-5.0.12.Final.jar;C:\Users\alejandro.gomez\.gradle\caches\modules-2\files-2.1\javax.transaction\javax.transaction-api\1.2\d81aff979d603edd90dcd8db2abc1f4ce6479e3e\javax.transaction-api-1.2.jar;C:\Users\alejandro.gomez\.gradle\caches\modules-2\files-2.1\org.springframework.data\spring-data-jpa\1.11.10.RELEASE\82ec646adc5d33b7b1d8f52e90c0ea030f0888ca\spring-data-jpa-1.11.10.RELEASE.jar;C:\Users\alejandro.gomez\.gradle\caches\modules-2\files-2.1\org.springframework\spring-aspects\4.3.14.RELEASE\e2d10895e7142dd4c5e979407fe4539146429618\spring-aspects-4.3.14.RELEASE.jar;C:\Users\alejandro.gomez\.gradle\caches\modules-2\files-2.1\org.springframework.boot\spring-boot-starter-validation\1.5.10.RELEASE\346061838704f87cb5c6f321939ac52829717bc9\spring-boot-starter-validation-1.5.10.RELEASE.jar;C:\Users\alejandro.gomez\.gradle\caches\modules-2\files-2.1\com.fasterxml.jackson.core\jackson-databind\2.8.10\f7b83cb2bc4b88d53961e749e1ad32f49ef017b7\jackson-databind-2.8.10.jar;C:\Users\alejandro.gomez\.gradle\caches\modules-2\files-2.1\org.springframework\spring-web\4.3.14.RELEASE\a0c3bf3ad661db185675bd5af350f35ed11f0903\spring-web-4.3.14.RELEASE.jar;C:\Users\alejandro.gomez\.gradle\caches\modules-2\files-2.1\org.glassfish.jersey.core\jersey-server\2.25.1\276e2ee0fd1cdabf99357fce560c5baab675b1a2\jersey-server-2.25.1.jar;C:\Users\alejandro.gomez\.gradle\caches\modules-2\files-2.1\org.glassfish.jersey.containers\jersey-container-servlet-core\2.25.1\400e30bb035a0cdf3c554530224141ce659a0d1e\jersey-container-servlet-core-2.25.1.jar;C:\Users\alejandro.gomez\.gradle\caches\modules-2\files-2.1\org.glassfish.jersey.containers\jersey-container-servlet\2.25.1\cf5f7a76fcea38158b890ab7a0142d4db709a882\jersey-container-servlet-2.25.1.jar;C:\Users\alejandro.gomez\.gradle\caches\modules-2\files-2.1\org.glassfish.jersey.ext\jersey-bean-validation\2.25.1\1971927d79cad0ad2b5a3bfda24967748a2023d\jersey-bean-validation-2.25.1.jar;C:\Users\alejandro.gomez\.gradle\caches\modules-2\files-2.1\org.glassfish.jersey.ext\jersey-spring3\2.25.1\a31bfcd2fcae5beb979d3f41079b6f4020d6fbc9\jersey-spring3-2.25.1.jar;C:\Users\alejandro.gomez\.gradle\caches\modules-2\files-2.1\org.glassfish.jersey.media\jersey-media-json-jackson\2.25.1\19d1e4276eb7b6386640c344d9e5c01eba7eae5d\jersey-media-json-jackson-2.25.1.jar;C:\Users\alejandro.gomez\.gradle\caches\modules-2\files-2.1\org.hibernate\hibernate-validator\5.3.6.Final\4c730be8bf55a8e9a61e79a2f2c079abf48b718\hibernate-validator-5.3.6.Final.jar;C:\Users\alejandro.gomez\.gradle\caches\modules-2\files-2.1\org.springframework\spring-webmvc\4.3.14.RELEASE\1571eab8a807005d424ca16fedd54b1f439787b2\spring-webmvc-4.3.14.RELEASE.jar;C:\Users\alejandro.gomez\.gradle\caches\modules-2\files-2.1\org.springframework\spring-oxm\4.3.14.RELEASE\20080d261e7a79cad00f8f6d628fd2c1049f6f2\spring-oxm-4.3.14.RELEASE.jar;C:\Users\alejandro.gomez\.gradle\caches\modules-2\files-2.1\org.springframework.ws\spring-ws-core\2.4.2.RELEASE\95301b43880bf28d476a6c32cba0062b9cd09852\spring-ws-core-2.4.2.RELEASE.jar;C:\Users\alejandro.gomez\.gradle\caches\modules-2\files-2.1\org.apache.tomcat.embed\tomcat-embed-core\8.5.27\a10612f0af27c7bfcc4e8d88393adad1fc5b4ece\tomcat-embed-core-8.5.27.jar;C:\Users\alejandro.gomez\.gradle\caches\modules-2\files-2.1\org.apache.tomcat.embed\tomcat-embed-el\8.5.27\5a591bcf5c930d2b37bb40c0f95180604a3b1a57\tomcat-embed-el-8.5.27.jar;C:\Users\alejandro.gomez\.gradle\caches\modules-2\files-2.1\org.apache.tomcat.embed\tomcat-embed-websocket\8.5.27\3cba1c5187a17b0233de5712024d6e144036ba9a\tomcat-embed-websocket-8.5.27.jar;C:\Users\alejandro.gomez\.gradle\caches\modules-2\files-2.1\org.springframework.boot\spring-boot-test\1.5.10.RELEASE\b7f28e8896906f0bbbb951727a7c5581c562d1c9\spring-boot-test-1.5.10.RELEASE.jar;C:\Users\alejandro.gomez\.gradle\caches\modules-2\files-2.1\org.springframework.boot\spring-boot-test-autoconfigure\1.5.10.RELEASE\55242f7c194fb141de8460a92e92b716469fc3a8\spring-boot-test-autoconfigure-1.5.10.RELEASE.jar;C:\Users\alejandro.gomez\.gradle\caches\modules-2\files-2.1\com.jayway.jsonpath\json-path\2.2.0\22290d17944bd239fabf5ac69005a60a7ecbbbcb\json-path-2.2.0.jar;C:\Users\alejandro.gomez\.gradle\caches\modules-2\files-2.1\junit\junit\4.12\2973d150c0dc1fefe998f834810d68f278ea58ec\junit-4.12.jar;C:\Users\alejandro.gomez\.gradle\caches\modules-2\files-2.1\org.assertj\assertj-core\2.6.0\b532c3fc4f66bcfee4989a3514f1cd56203a33ad\assertj-core-2.6.0.jar;C:\Users\alejandro.gomez\.gradle\caches\modules-2\files-2.1\org.mockito\mockito-core\1.10.19\e8546f5bef4e061d8dd73895b4e8f40e3fe6effe\mockito-core-1.10.19.jar;C:\Users\alejandro.gomez\.gradle\caches\modules-2\files-2.1\org.hamcrest\hamcrest-core\1.3\42a25dc3219429f0e5d060061f71acb49bf010a0\hamcrest-core-1.3.jar;C:\Users\alejandro.gomez\.gradle\caches\modules-2\files-2.1\org.hamcrest\hamcrest-library\1.3\4785a3c21320980282f9f33d0d1264a69040538f\hamcrest-library-1.3.jar;C:\Users\alejandro.gomez\.gradle\caches\modules-2\files-2.1\org.skyscreamer\jsonassert\1.4.0\9cdbb373a06f6513e51e8c545ee6a5e981463edb\jsonassert-1.4.0.jar;C:\Users\alejandro.gomez\.gradle\caches\modules-2\files-2.1\org.springframework\spring-core\4.3.14.RELEASE\c70ddb6204457a802d1f6882d65bca3e5b3c41df\spring-core-4.3.14.RELEASE.jar;C:\Users\alejandro.gomez\.gradle\caches\modules-2\files-2.1\org.springframework\spring-test\4.3.14.RELEASE\1a7f6f51a263a3e09e94403653348b3864412c53\spring-test-4.3.14.RELEASE.jar;C:\Users\alejandro.gomez\.gradle\caches\modules-2\files-2.1\org.springframework.boot\spring-boot\1.5.10.RELEASE\594b3efa04829f62754a19f59f81ba204636167a\spring-boot-1.5.10.RELEASE.jar;C:\Users\alejandro.gomez\.gradle\caches\modules-2\files-2.1\org.springframework.boot\spring-boot-autoconfigure\1.5.10.RELEASE\be96efab0d35181f18c486b0ec8d6a41a7042fce\spring-boot-autoconfigure-1.5.10.RELEASE.jar;C:\Users\alejandro.gomez\.gradle\caches\modules-2\files-2.1\org.springframework.boot\spring-boot-starter-logging\1.5.10.RELEASE\62c73688208b3173645d6701fc3eb95ca657e6c8\spring-boot-starter-logging-1.5.10.RELEASE.jar;C:\Users\alejandro.gomez\.gradle\caches\modules-2\files-2.1\org.yaml\snakeyaml\1.17\7a27ea250c5130b2922b86dea63cbb1cc10a660c\snakeyaml-1.17.jar;C:\Users\alejandro.gomez\.gradle\caches\modules-2\files-2.1\org.springframework\spring-aop\4.3.14.RELEASE\dfe55b0592aead8e3eb0e6a4e98db433b9e09bd7\spring-aop-4.3.14.RELEASE.jar;C:\Users\alejandro.gomez\.gradle\caches\modules-2\files-2.1\org.aspectj\aspectjweaver\1.8.13\ad94df2a28d658a40dc27bbaff6a1ce5fbf04e9b\aspectjweaver-1.8.13.jar;C:\Users\alejandro.gomez\.gradle\caches\modules-2\files-2.1\org.apache.tomcat\tomcat-jdbc\8.5.27\f37dfae9e9afb6b2742e04a401e32264c5fec0ec\tomcat-jdbc-8.5.27.jar;C:\Users\alejandro.gomez\.gradle\caches\modules-2\files-2.1\org.springframework\spring-jdbc\4.3.14.RELEASE\1b1b9045d9ec1e067d99bf158210e9e7cf2ebfd2\spring-jdbc-4.3.14.RELEASE.jar;C:\Users\alejandro.gomez\.gradle\caches\modules-2\files-2.1\org.jboss.logging\jboss-logging\3.3.1.Final\c46217ab74b532568c0ed31dc599db3048bd1b67\jboss-logging-3.3.1.Final.jar;C:\Users\alejandro.gomez\.gradle\caches\modules-2\files-2.1\org.hibernate.javax.persistence\hibernate-jpa-2.1-api\1.0.0.Final\5e731d961297e5a07290bfaf3db1fbc8bbbf405a\hibernate-jpa-2.1-api-1.0.0.Final.jar;C:\Users\alejandro.gomez\.gradle\caches\modules-2\files-2.1\org.javassist\javassist\3.21.0-GA\598244f595db5c5fb713731eddbb1c91a58d959b\javassist-3.21.0-GA.jar;C:\Users\alejandro.gomez\.gradle\caches\modules-2\files-2.1\antlr\antlr\2.7.7\83cd2cd674a217ade95a4bb83a8a14f351f48bd0\antlr-2.7.7.jar;C:\Users\alejandro.gomez\.gradle\caches\modules-2\files-2.1\org.jboss\jandex\2.0.0.Final\3e899258936f94649c777193e1be846387ed54b3\jandex-2.0.0.Final.jar;C:\Users\alejandro.gomez\.gradle\caches\modules-2\files-2.1\dom4j\dom4j\1.6.1\5d3ccc056b6f056dbf0dddfdf43894b9065a8f94\dom4j-1.6.1.jar;C:\Users\alejandro.gomez\.gradle\caches\modules-2\files-2.1\org.hibernate.common\hibernate-commons-annotations\5.0.1.Final\71e1cff3fcb20d3b3af4f3363c3ddb24d33c6879\hibernate-commons-annotations-5.0.1.Final.jar;C:\Users\alejandro.gomez\.gradle\caches\modules-2\files-2.1\org.springframework.data\spring-data-commons\1.13.10.RELEASE\b732245a0902b561b0c33e54cd0f382e9ac444ed\spring-data-commons-1.13.10.RELEASE.jar;C:\Users\alejandro.gomez\.gradle\caches\modules-2\files-2.1\org.springframework\spring-orm\4.3.14.RELEASE\721bc451d02070954ebee039d419b410c4697fcb\spring-orm-4.3.14.RELEASE.jar;C:\Users\alejandro.gomez\.gradle\caches\modules-2\files-2.1\org.springframework\spring-context\4.3.14.RELEASE\e50a712960926c30e537ef4a633f5d9dd5a8b155\spring-context-4.3.14.RELEASE.jar;C:\Users\alejandro.gomez\.gradle\caches\modules-2\files-2.1\org.springframework\spring-tx\4.3.14.RELEASE\1c9449fcb805837db3c706eab4c729f89688a267\spring-tx-4.3.14.RELEASE.jar;C:\Users\alejandro.gomez\.gradle\caches\modules-2\files-2.1\org.springframework\spring-beans\4.3.14.RELEASE\7bcd17a68dd64e9447d7bff2c42ba7417678596e\spring-beans-4.3.14.RELEASE.jar;C:\Users\alejandro.gomez\.gradle\caches\modules-2\files-2.1\org.slf4j\slf4j-api\1.7.25\da76ca59f6a57ee3102f8f9bd9cee742973efa8a\slf4j-api-1.7.25.jar;C:\Users\alejandro.gomez\.gradle\caches\modules-2\files-2.1\org.slf4j\jcl-over-slf4j\1.7.25\f8c32b13ff142a513eeb5b6330b1588dcb2c0461\jcl-over-slf4j-1.7.25.jar;C:\Users\alejandro.gomez\.gradle\caches\modules-2\files-2.1\com.fasterxml.jackson.core\jackson-annotations\2.8.0\45b426f7796b741035581a176744d91090e2e6fb\jackson-annotations-2.8.0.jar;C:\Users\alejandro.gomez\.gradle\caches\modules-2\files-2.1\com.fasterxml.jackson.core\jackson-core\2.8.10\eb21a035c66ad307e66ec8fce37f5d50fd62d039\jackson-core-2.8.10.jar;C:\Users\alejandro.gomez\.gradle\caches\modules-2\files-2.1\org.glassfish.jersey.core\jersey-common\2.25.1\2438ce68d4907046095ab54aa83a6092951b4bbb\jersey-common-2.25.1.jar;C:\Users\alejandro.gomez\.gradle\caches\modules-2\files-2.1\org.glassfish.jersey.core\jersey-client\2.25.1\4d563b1f93352ee9fad597e9e1daf2c6159993c6\jersey-client-2.25.1.jar;C:\Users\alejandro.gomez\.gradle\caches\modules-2\files-2.1\javax.ws.rs\javax.ws.rs-api\2.0.1\104e9c2b5583cfcfeac0402316221648d6d8ea6b\javax.ws.rs-api-2.0.1.jar;C:\Users\alejandro.gomez\.gradle\caches\modules-2\files-2.1\org.glassfish.jersey.media\jersey-media-jaxb\2.25.1\d7da0beeed5614a3bfd882662faec602699e24b\jersey-media-jaxb-2.25.1.jar;C:\Users\alejandro.gomez\.gradle\caches\modules-2\files-2.1\javax.annotation\javax.annotation-api\1.2\479c1e06db31c432330183f5cae684163f186146\javax.annotation-api-1.2.jar;C:\Users\alejandro.gomez\.gradle\caches\modules-2\files-2.1\org.glassfish.hk2\hk2-api\2.5.0-b32\6a576c9653832ce610b80a2f389374ef19d96171\hk2-api-2.5.0-b32.jar;C:\Users\alejandro.gomez\.gradle\caches\modules-2\files-2.1\org.glassfish.hk2.external\javax.inject\2.5.0-b32\b2fa50c8186a38728c35fe6a9da57ce4cc806923\javax.inject-2.5.0-b32.jar;C:\Users\alejandro.gomez\.gradle\caches\modules-2\files-2.1\org.glassfish.hk2\hk2-locator\2.5.0-b32\195474f8ad0a8d130e9ea949a771bcf1215fc33b\hk2-locator-2.5.0-b32.jar;C:\Users\alejandro.gomez\.gradle\caches\modules-2\files-2.1\javax.validation\validation-api\1.1.0.Final\8613ae82954779d518631e05daa73a6a954817d5\validation-api-1.1.0.Final.jar;C:\Users\alejandro.gomez\.gradle\caches\modules-2\files-2.1\org.glassfish.hk2\hk2\2.5.0-b32\c3accae585955e49c771d464899e906ecc9ffb4\hk2-2.5.0-b32.jar;C:\Users\alejandro.gomez\.gradle\caches\modules-2\files-2.1\org.glassfish.hk2\spring-bridge\2.5.0-b32\f38ecef23edc769942a95c062efd63541044de42\spring-bridge-2.5.0-b32.jar;C:\Users\alejandro.gomez\.gradle\caches\modules-2\files-2.1\org.glassfish.jersey.ext\jersey-entity-filtering\2.25.1\4a5805060f796ec2c9bb1ba0ce91c1db6d889524\jersey-entity-filtering-2.25.1.jar;C:\Users\alejandro.gomez\.gradle\caches\modules-2\files-2.1\com.fasterxml.jackson.jaxrs\jackson-jaxrs-base\2.8.10\50a3d02a31cb427272a96fe696b5ac9442c7cfa1\jackson-jaxrs-base-2.8.10.jar;C:\Users\alejandro.gomez\.gradle\caches\modules-2\files-2.1\com.fasterxml.jackson.jaxrs\jackson-jaxrs-json-provider\2.8.10\f8837cf03871569eb02a491dea64929e5da14b4\jackson-jaxrs-json-provider-2.8.10.jar;C:\Users\alejandro.gomez\.gradle\caches\modules-2\files-2.1\com.fasterxml\classmate\1.3.4\3d5f48f10bbe4eb7bd862f10c0583be2e0053c6\classmate-1.3.4.jar;C:\Users\alejandro.gomez\.gradle\caches\modules-2\files-2.1\org.springframework\spring-expression\4.3.14.RELEASE\58477b44debcb49b09e962e3047ee74c2c033e89\spring-expression-4.3.14.RELEASE.jar;C:\Users\alejandro.gomez\.gradle\caches\modules-2\files-2.1\org.springframework.ws\spring-xml\2.4.2.RELEASE\32ae2b2a74f5993c17a4b3cfbfd09130cd8f4bbd\spring-xml-2.4.2.RELEASE.jar;C:\Users\alejandro.gomez\.gradle\caches\modules-2\files-2.1\org.apache.tomcat\tomcat-annotations-api\8.5.27\122c0a4acaba72bf4590e83c9fbcb3475c46edc5\tomcat-annotations-api-8.5.27.jar;C:\Users\alejandro.gomez\.gradle\caches\modules-2\files-2.1\net.minidev\json-smart\2.2.1\5b9e5df7a62d1279b70dc882b041d249c4f0b002\json-smart-2.2.1.jar;C:\Users\alejandro.gomez\.gradle\caches\modules-2\files-2.1\org.objenesis\objenesis\2.1\87c0ea803b69252868d09308b4618f766f135a96\objenesis-2.1.jar;C:\Users\alejandro.gomez\.gradle\caches\modules-2\files-2.1\com.vaadin.external.google\android-json\0.0.20131108.vaadin1\fa26d351fe62a6a17f5cda1287c1c6110dec413f\android-json-0.0.20131108.vaadin1.jar;C:\Users\alejandro.gomez\.gradle\caches\modules-2\files-2.1\ch.qos.logback\logback-classic\1.1.11\ccedfbacef4a6515d2983e3f89ed753d5d4fb665\logback-classic-1.1.11.jar;C:\Users\alejandro.gomez\.gradle\caches\modules-2\files-2.1\org.slf4j\jul-to-slf4j\1.7.25\af5364cd6679bfffb114f0dec8a157aaa283b76\jul-to-slf4j-1.7.25.jar;C:\Users\alejandro.gomez\.gradle\caches\modules-2\files-2.1\org.slf4j\log4j-over-slf4j\1.7.25\a87bb47468f47ee7aabbd54f93e133d4215769c3\log4j-over-slf4j-1.7.25.jar;C:\Users\alejandro.gomez\.gradle\caches\modules-2\files-2.1\org.apache.tomcat\tomcat-juli\8.5.27\583a08f2f59c6abdd86833b572b9a2f55e61a0f2\tomcat-juli-8.5.27.jar;C:\Users\alejandro.gomez\.gradle\caches\modules-2\files-2.1\org.glassfish.jersey.bundles.repackaged\jersey-guava\2.25.1\a2bb4f8208e134cf2cf71dfb8824e42942f7bd06\jersey-guava-2.25.1.jar;C:\Users\alejandro.gomez\.gradle\caches\modules-2\files-2.1\org.glassfish.hk2\osgi-resource-locator\1.0.1\4ed2b2d4738aed5786cfa64cba5a332779c4c708\osgi-resource-locator-1.0.1.jar;C:\Users\alejandro.gomez\.gradle\caches\modules-2\files-2.1\org.glassfish.hk2\hk2-utils\2.5.0-b32\5108a926988c4ceda7f1e681dddfe3101454a002\hk2-utils-2.5.0-b32.jar;C:\Users\alejandro.gomez\.gradle\caches\modules-2\files-2.1\org.glassfish.hk2.external\aopalliance-repackaged\2.5.0-b32\6af37c3f8ec6f9e9653ec837eb508da28ce443cd\aopalliance-repackaged-2.5.0-b32.jar;C:\Users\alejandro.gomez\.gradle\caches\modules-2\files-2.1\org.glassfish.hk2\config-types\2.5.0-b32\686bbe7f80b1b879d64c06bc6606c97721a795f2\config-types-2.5.0-b32.jar;C:\Users\alejandro.gomez\.gradle\caches\modules-2\files-2.1\org.glassfish.hk2\hk2-core\2.5.0-b32\8cb6a8a9522ec523b7740d29f555bdbe9d936af2\hk2-core-2.5.0-b32.jar;C:\Users\alejandro.gomez\.gradle\caches\modules-2\files-2.1\org.glassfish.hk2\hk2-config\2.5.0-b32\dce05ac4225dbc0c1c382ad02e3b5bee51f0168a\hk2-config-2.5.0-b32.jar;C:\Users\alejandro.gomez\.gradle\caches\modules-2\files-2.1\org.glassfish.hk2\hk2-runlevel\2.5.0-b32\60dc979763ea885e796cba4d3e322af8d500ba74\hk2-runlevel-2.5.0-b32.jar;C:\Users\alejandro.gomez\.gradle\caches\modules-2\files-2.1\org.glassfish.hk2\class-model\2.5.0-b32\17f054f3e91898c0c0fc52163ad904b13c24e8b\class-model-2.5.0-b32.jar;C:\Users\alejandro.gomez\.gradle\caches\modules-2\files-2.1\com.fasterxml.jackson.module\jackson-module-jaxb-annotations\2.8.10\22df8efd0cff7661bf136148c73e2651748f7600\jackson-module-jaxb-annotations-2.8.10.jar;C:\Users\alejandro.gomez\.gradle\caches\modules-2\files-2.1\net.minidev\accessors-smart\1.1\a527213f2fea112a04c9bdf0ec0264e34104cd08\accessors-smart-1.1.jar;C:\Users\alejandro.gomez\.gradle\caches\modules-2\files-2.1\ch.qos.logback\logback-core\1.1.11\88b8df40340eed549fb07e2613879bf6b006704d\logback-core-1.1.11.jar;C:\Users\alejandro.gomez\.gradle\caches\modules-2\files-2.1\org.glassfish.hk2.external\asm-all-repackaged\2.5.0-b32\dc705f1d54cd5a96cbc5a473525e75ef1cb59a9e\asm-all-repackaged-2.5.0-b32.jar;C:\Users\alejandro.gomez\.gradle\caches\modules-2\files-2.1\org.ow2.asm\asm\5.0.3\dcc2193db20e19e1feca8b1240dbbc4e190824fa\asm-5.0.3.jar, user.name=alejandro.gomez, java.vm.specification.version=1.8, sun.java.command=worker.org.gradle.process.internal.worker.GradleWorkerMain 'Gradle Test Executor 1', java.home=C:\Program Files\Java\jdk1.8.0_161\jre, sun.arch.data.model=64, user.language=en, java.specification.vendor=Oracle Corporation, awt.toolkit=sun.awt.windows.WToolkit, java.vm.info=mixed mode, java.version=1.8.0_161, java.ext.dirs=C:\Program Files\Java\jdk1.8.0_161\jre\lib\ext;C:\Windows\Sun\Java\lib\ext, sun.boot.class.path=C:\Program Files\Java\jdk1.8.0_161\jre\lib\resources.jar;C:\Program Files\Java\jdk1.8.0_161\jre\lib\rt.jar;C:\Program Files\Java\jdk1.8.0_161\jre\lib\sunrsasign.jar;C:\Program Files\Java\jdk1.8.0_161\jre\lib\jsse.jar;C:\Program Files\Java\jdk1.8.0_161\jre\lib\jce.jar;C:\Program Files\Java\jdk1.8.0_161\jre\lib\charsets.jar;C:\Program Files\Java\jdk1.8.0_161\jre\lib\jfr.jar;C:\Program Files\Java\jdk1.8.0_161\jre\classes, java.vendor=Oracle Corporation, org.gradle.test.worker=1, file.separator=\, java.vendor.url.bug=http://bugreport.sun.com/bugreport/, sun.io.unicode.encoding=UnicodeLittle, sun.cpu.endian=little, sun.desktop=windows, sun.cpu.isalist=amd64}}, SystemEnvironmentPropertySource@1106561732 {name='systemEnvironment', properties={USERDOMAIN_ROAMINGPROFILE=CEIBA, LOCALAPPDATA=C:\Users\alejandro.gomez\AppData\Local, ChocolateyLastPathUpdate=Wed Feb 21 11:19:04 2018, PROCESSOR_LEVEL=6, USERDOMAIN=CEIBA, LOGONSERVER=\\ARES, JAVA_HOME=C:\Program Files\Java\jdk1.8.0_161, SESSIONNAME=Console, ALLUSERSPROFILE=C:\ProgramData, PROCESSOR_ARCHITECTURE=AMD64, GRADLE_HOME=C:\ProgramData\chocolatey\lib\gradle\tools\gradle-4.5.1, PSModulePath=C:\Program Files\WindowsPowerShell\Modules;C:\Windows\system32\WindowsPowerShell\v1.0\Modules, SystemDrive=C:, OneDrive=C:\Users\alejandro.gomez\OneDrive, APPDATA=C:\Users\alejandro.gomez\AppData\Roaming, USERNAME=alejandro.gomez, USERDNSDOMAIN=CEIBA.LOCAL, ChocolateyToolsLocation=C:\tools, ProgramFiles(x86)=C:\Program Files (x86), CommonProgramFiles=C:\Program Files\Common Files, Path=C:/Program Files/Java/jre1.8.0_161/bin/server;C:/Program Files/Java/jre1.8.0_161/bin;C:/Program Files/Java/jre1.8.0_161/lib/amd64;C:\ProgramData\Oracle\Java\javapath;C:\Program Files (x86)\Intel\iCLS Client\;C:\Program Files\Intel\iCLS Client\;C:\Oracle\product\11.1.0\client_1\bin;C:\Program Files\CollabNet\Subversion Client;C:\Windows\system32;C:\Windows;C:\Windows\System32\Wbem;C:\Windows\System32\WindowsPowerShell\v1.0\;C:\Program Files (x86)\Intel\Intel(R) Management Engine Components\DAL;C:\Program Files\Intel\Intel(R) Management Engine Components\DAL;C:\Program Files (x86)\Intel\Intel(R) Management Engine Components\IPT;C:\Program Files\Intel\Intel(R) Management Engine Components\IPT;D:\ProgramFiles\nodejs\;C:\Program Files\PuTTY\;C:\Program Files\Git\cmd;C:\Program Files\TortoiseGit\bin;C:\Program Files\MySQL\MySQL Utilities 1.6\;C:\Users\alejandro.gomez\scoop\shims;C:\Users\alejandro.gomez\AppData\Local\Microsoft\WindowsApps;C:\Users\alejandro.gomez\AppData\Roaming\npm;C:\ProgramData\chocolatey\bin;;C:\Windows\System32;, PATHEXT=.COM;.EXE;.BAT;.CMD;.VBS;.VBE;.JS;.JSE;.WSF;.WSH;.MSC, OS=Windows_NT, COMPUTERNAME=ALEJANDRO-GOMEZ, Chocolatey=C:\ProgramData\chocolatey, PROCESSOR_REVISION=3a09, CommonProgramW6432=C:\Program Files\Common Files, ComSpec=C:\Windows\system32\cmd.exe, ProgramData=C:\ProgramData, ProgramW6432=C:\Program Files, HOMEPATH=\Users\alejandro.gomez, SystemRoot=C:\Windows, TEMP=C:\Users\ALEJAN~1.GOM\AppData\Local\Temp, HOMEDRIVE=C:, PROCESSOR_IDENTIFIER=Intel64 Family 6 Model 58 Stepping 9, GenuineIntel, USERPROFILE=C:\Users\alejandro.gomez, TMP=C:\Users\ALEJAN~1.GOM\AppData\Local\Temp, CommonProgramFiles(x86)=C:\Program Files (x86)\Common Files, ProgramFiles=C:\Program Files, PUBLIC=C:\Users\Public, NUMBER_OF_PROCESSORS=8, windir=C:\Windows, =::=::\}}]
16:12:20.291 [Test worker] DEBUG org.springframework.core.env.MutablePropertySources - Adding PropertySource 'inline' with highest search precedence
16:12:20.306 [Test worker] DEBUG org.springframework.test.context.support.TestPropertySourceUtils - Adding inlined properties to environment: {spring.jmx.enabled=false, org.springframework.boot.test.context.SpringBootTestContextBootstrapper=true, server.port=-1}
16:12:20.306 [Test worker] DEBUG org.springframework.core.env.StandardEnvironment - Adding PropertySource 'Inlined Test Properties' with highest search precedence

  .   ____          _            __ _ _
 /\\ / ___'_ __ _ _(_)_ __  __ _ \ \ \ \
( ( )\___ | '_ | '_| | '_ \/ _` | \ \ \ \
 \\/  ___)| |_)| | | | | || (_| |  ) ) ) )
  '  |____| .__|_| |_|_| |_\__, | / / / /
 =========|_|==============|___/=/_/_/_/
 :: Spring Boot ::       (v1.5.10.RELEASE)

2018-02-22 16:12:20.892  INFO 14120 --- [    Test worker] o.s.w.c.s.GenericWebApplicationContext   : Refreshing org.springframework.web.context.support.GenericWebApplicationContext@443ff87b: startup date [Thu Feb 22 16:12:20 COT 2018]; root of context hierarchy
2018-02-22 16:12:25.627  INFO 14120 --- [    Test worker] s.w.s.m.m.a.RequestMappingHandlerAdapter : Looking for @ControllerAdvice: org.springframework.web.context.support.GenericWebApplicationContext@443ff87b: startup date [Thu Feb 22 16:12:20 COT 2018]; root of context hierarchy
2018-02-22 16:12:25.737  INFO 14120 --- [    Test worker] s.w.s.m.m.a.RequestMappingHandlerMapping : Mapped "{[/login],methods=[PUT],consumes=[application/json]}" onto public co.ceiba.parking.messages.Messages co.ceiba.parking.controller.ParkingController.login(co.ceiba.parking.persistent.entities.VehicleEntity)
2018-02-22 16:12:25.737  INFO 14120 --- [    Test worker] s.w.s.m.m.a.RequestMappingHandlerMapping : Mapped "{[/admitted],methods=[GET]}" onto public java.util.List<co.ceiba.parking.persistent.entities.RegisterEntity> co.ceiba.parking.controller.ParkingController.admitted()
2018-02-22 16:12:25.737  INFO 14120 --- [    Test worker] s.w.s.m.m.a.RequestMappingHandlerMapping : Mapped "{[/enter],methods=[PUT],consumes=[application/json]}" onto public co.ceiba.parking.messages.Messages co.ceiba.parking.controller.ParkingController.enter(co.ceiba.parking.persistent.entities.VehicleEntity)
2018-02-22 16:12:25.737  INFO 14120 --- [    Test worker] s.w.s.m.m.a.RequestMappingHandlerMapping : Mapped "{[/error]}" onto public org.springframework.http.ResponseEntity<java.util.Map<java.lang.String, java.lang.Object>> org.springframework.boot.autoconfigure.web.BasicErrorController.error(javax.servlet.http.HttpServletRequest)
2018-02-22 16:12:25.737  INFO 14120 --- [    Test worker] s.w.s.m.m.a.RequestMappingHandlerMapping : Mapped "{[/error],produces=[text/html]}" onto public org.springframework.web.servlet.ModelAndView org.springframework.boot.autoconfigure.web.BasicErrorController.errorHtml(javax.servlet.http.HttpServletRequest,javax.servlet.http.HttpServletResponse)
2018-02-22 16:12:25.784  INFO 14120 --- [    Test worker] o.s.w.s.handler.SimpleUrlHandlerMapping  : Mapped URL path [/webjars/**] onto handler of type [class org.springframework.web.servlet.resource.ResourceHttpRequestHandler]
2018-02-22 16:12:25.784  INFO 14120 --- [    Test worker] o.s.w.s.handler.SimpleUrlHandlerMapping  : Mapped URL path [/**] onto handler of type [class org.springframework.web.servlet.resource.ResourceHttpRequestHandler]
2018-02-22 16:12:25.846  INFO 14120 --- [    Test worker] o.s.w.s.handler.SimpleUrlHandlerMapping  : Mapped URL path [/**/favicon.ico] onto handler of type [class org.springframework.web.servlet.resource.ResourceHttpRequestHandler]
]]></system-out>
  <system-err><![CDATA[Thu Feb 22 16:12:23 COT 2018 WARN: Establishing SSL connection without server's identity verification is not recommended. According to MySQL 5.5.45+, 5.6.26+ and 5.7.6+ requirements SSL connection must be established by default if explicit option isn't set. For compliance with existing applications not using SSL the verifyServerCertificate property is set to 'false'. You need either to explicitly disable SSL by setting useSSL=false, or set useSSL=true and provide truststore for server certificate verification.
Thu Feb 22 16:12:23 COT 2018 WARN: Establishing SSL connection without server's identity verification is not recommended. According to MySQL 5.5.45+, 5.6.26+ and 5.7.6+ requirements SSL connection must be established by default if explicit option isn't set. For compliance with existing applications not using SSL the verifyServerCertificate property is set to 'false'. You need either to explicitly disable SSL by setting useSSL=false, or set useSSL=true and provide truststore for server certificate verification.
Thu Feb 22 16:12:23 COT 2018 WARN: Establishing SSL connection without server's identity verification is not recommended. According to MySQL 5.5.45+, 5.6.26+ and 5.7.6+ requirements SSL connection must be established by default if explicit option isn't set. For compliance with existing applications not using SSL the verifyServerCertificate property is set to 'false'. You need either to explicitly disable SSL by setting useSSL=false, or set useSSL=true and provide truststore for server certificate verification.
Thu Feb 22 16:12:23 COT 2018 WARN: Establishing SSL connection without server's identity verification is not recommended. According to MySQL 5.5.45+, 5.6.26+ and 5.7.6+ requirements SSL connection must be established by default if explicit option isn't set. For compliance with existing applications not using SSL the verifyServerCertificate property is set to 'false'. You need either to explicitly disable SSL by setting useSSL=false, or set useSSL=true and provide truststore for server certificate verification.
Thu Feb 22 16:12:23 COT 2018 WARN: Establishing SSL connection without server's identity verification is not recommended. According to MySQL 5.5.45+, 5.6.26+ and 5.7.6+ requirements SSL connection must be established by default if explicit option isn't set. For compliance with existing applications not using SSL the verifyServerCertificate property is set to 'false'. You need either to explicitly disable SSL by setting useSSL=false, or set useSSL=true and provide truststore for server certificate verification.
Thu Feb 22 16:12:23 COT 2018 WARN: Establishing SSL connection without server's identity verification is not recommended. According to MySQL 5.5.45+, 5.6.26+ and 5.7.6+ requirements SSL connection must be established by default if explicit option isn't set. For compliance with existing applications not using SSL the verifyServerCertificate property is set to 'false'. You need either to explicitly disable SSL by setting useSSL=false, or set useSSL=true and provide truststore for server certificate verification.
Thu Feb 22 16:12:23 COT 2018 WARN: Establishing SSL connection without server's identity verification is not recommended. According to MySQL 5.5.45+, 5.6.26+ and 5.7.6+ requirements SSL connection must be established by default if explicit option isn't set. For compliance with existing applications not using SSL the verifyServerCertificate property is set to 'false'. You need either to explicitly disable SSL by setting useSSL=false, or set useSSL=true and provide truststore for server certificate verification.
Thu Feb 22 16:12:23 COT 2018 WARN: Establishing SSL connection without server's identity verification is not recommended. According to MySQL 5.5.45+, 5.6.26+ and 5.7.6+ requirements SSL connection must be established by default if explicit option isn't set. For compliance with existing applications not using SSL the verifyServerCertificate property is set to 'false'. You need either to explicitly disable SSL by setting useSSL=false, or set useSSL=true and provide truststore for server certificate verification.
Thu Feb 22 16:12:23 COT 2018 WARN: Establishing SSL connection without server's identity verification is not recommended. According to MySQL 5.5.45+, 5.6.26+ and 5.7.6+ requirements SSL connection must be established by default if explicit option isn't set. For compliance with existing applications not using SSL the verifyServerCertificate property is set to 'false'. You need either to explicitly disable SSL by setting useSSL=false, or set useSSL=true and provide truststore for server certificate verification.
Thu Feb 22 16:12:23 COT 2018 WARN: Establishing SSL connection without server's identity verification is not recommended. According to MySQL 5.5.45+, 5.6.26+ and 5.7.6+ requirements SSL connection must be established by default if explicit option isn't set. For compliance with existing applications not using SSL the verifyServerCertificate property is set to 'false'. You need either to explicitly disable SSL by setting useSSL=false, or set useSSL=true and provide truststore for server certificate verification.
]]></system-err>
</testsuite>
